{"/Users/aikateinitziala/GitHub/fullstackopen2019/part5/bloglist/frontend/src/App.js": {"path":"/Users/aikateinitziala/GitHub/fullstackopen2019/part5/bloglist/frontend/src/App.js","statementMap":{"0":{"start":{"line":7,"column":12},"end":{"line":38,"column":1}},"1":{"start":{"line":8,"column":28},"end":{"line":8,"column":42}},"2":{"start":{"line":10,"column":4},"end":{"line":17,"column":11}},"3":{"start":{"line":11,"column":31},"end":{"line":11,"column":75}},"4":{"start":{"line":12,"column":8},"end":{"line":16,"column":9}},"5":{"start":{"line":13,"column":25},"end":{"line":13,"column":51}},"6":{"start":{"line":14,"column":12},"end":{"line":14,"column":26}},"7":{"start":{"line":15,"column":12},"end":{"line":15,"column":46}},"8":{"start":{"line":19,"column":27},"end":{"line":22,"column":5}},"9":{"start":{"line":20,"column":8},"end":{"line":20,"column":30}},"10":{"start":{"line":21,"column":8},"end":{"line":21,"column":50}},"11":{"start":{"line":24,"column":24},"end":{"line":28,"column":5}},"12":{"start":{"line":25,"column":8},"end":{"line":25,"column":34}},"13":{"start":{"line":26,"column":8},"end":{"line":26,"column":36}},"14":{"start":{"line":27,"column":8},"end":{"line":27,"column":22}},"15":{"start":{"line":30,"column":4},"end":{"line":37,"column":6}}},"fnMap":{"0":{"name":"(anonymous_0)","decl":{"start":{"line":7,"column":12},"end":{"line":7,"column":13}},"loc":{"start":{"line":7,"column":18},"end":{"line":38,"column":1}},"line":7},"1":{"name":"(anonymous_1)","decl":{"start":{"line":10,"column":14},"end":{"line":10,"column":15}},"loc":{"start":{"line":10,"column":20},"end":{"line":17,"column":5}},"line":10},"2":{"name":"(anonymous_2)","decl":{"start":{"line":19,"column":27},"end":{"line":19,"column":28}},"loc":{"start":{"line":19,"column":45},"end":{"line":22,"column":5}},"line":19},"3":{"name":"(anonymous_3)","decl":{"start":{"line":24,"column":24},"end":{"line":24,"column":25}},"loc":{"start":{"line":24,"column":30},"end":{"line":28,"column":5}},"line":24}},"branchMap":{"0":{"loc":{"start":{"line":12,"column":8},"end":{"line":16,"column":9}},"type":"if","locations":[{"start":{"line":12,"column":8},"end":{"line":16,"column":9}},{"start":{"line":12,"column":8},"end":{"line":16,"column":9}}],"line":12},"1":{"loc":{"start":{"line":32,"column":13},"end":{"line":34,"column":65}},"type":"cond-expr","locations":[{"start":{"line":33,"column":16},"end":{"line":33,"column":57}},{"start":{"line":34,"column":16},"end":{"line":34,"column":65}}],"line":32}},"s":{"0":1,"1":2,"2":2,"3":1,"4":1,"5":0,"6":0,"7":0,"8":2,"9":0,"10":0,"11":2,"12":0,"13":0,"14":0,"15":2},"f":{"0":2,"1":1,"2":0,"3":0},"b":{"0":[0,1],"1":[2,0]},"_coverageSchema":"43e27e138ebf9cfc5966b082cf9a028302ed4184","hash":"d562607167e4673bc9f1d0aa69b09d60eb2767d7"}
,"/Users/aikateinitziala/GitHub/fullstackopen2019/part5/bloglist/frontend/src/index.js": {"path":"/Users/aikateinitziala/GitHub/fullstackopen2019/part5/bloglist/frontend/src/index.js","statementMap":{"0":{"start":{"line":6,"column":0},"end":{"line":6,"column":58}}},"fnMap":{},"branchMap":{},"s":{"0":0},"f":{},"b":{},"hash":"a799bf63286c9c7c10858d12426bf763ff85475c"}
,"/Users/aikateinitziala/GitHub/fullstackopen2019/part5/bloglist/frontend/src/components/Blog.js": {"path":"/Users/aikateinitziala/GitHub/fullstackopen2019/part5/bloglist/frontend/src/components/Blog.js","statementMap":{"0":{"start":{"line":5,"column":13},"end":{"line":39,"column":1}},"1":{"start":{"line":6,"column":4},"end":{"line":11,"column":6}},"2":{"start":{"line":13,"column":34},"end":{"line":13,"column":49}},"3":{"start":{"line":15,"column":29},"end":{"line":17,"column":5}},"4":{"start":{"line":16,"column":8},"end":{"line":16,"column":29}},"5":{"start":{"line":19,"column":21},"end":{"line":19,"column":55}},"6":{"start":{"line":20,"column":29},"end":{"line":20,"column":94}},"7":{"start":{"line":22,"column":4},"end":{"line":38,"column":6}},"8":{"start":{"line":24,"column":56},"end":{"line":24,"column":74}},"9":{"start":{"line":32,"column":47},"end":{"line":32,"column":61}},"10":{"start":{"line":35,"column":39},"end":{"line":35,"column":58}}},"fnMap":{"0":{"name":"(anonymous_0)","decl":{"start":{"line":5,"column":13},"end":{"line":5,"column":14}},"loc":{"start":{"line":5,"column":66},"end":{"line":39,"column":1}},"line":5},"1":{"name":"(anonymous_1)","decl":{"start":{"line":15,"column":29},"end":{"line":15,"column":30}},"loc":{"start":{"line":15,"column":35},"end":{"line":17,"column":5}},"line":15},"2":{"name":"(anonymous_2)","decl":{"start":{"line":24,"column":50},"end":{"line":24,"column":51}},"loc":{"start":{"line":24,"column":56},"end":{"line":24,"column":74}},"line":24},"3":{"name":"(anonymous_3)","decl":{"start":{"line":32,"column":41},"end":{"line":32,"column":42}},"loc":{"start":{"line":32,"column":47},"end":{"line":32,"column":61}},"line":32},"4":{"name":"(anonymous_4)","decl":{"start":{"line":35,"column":33},"end":{"line":35,"column":34}},"loc":{"start":{"line":35,"column":39},"end":{"line":35,"column":58}},"line":35}},"branchMap":{"0":{"loc":{"start":{"line":19,"column":32},"end":{"line":19,"column":53}},"type":"cond-expr","locations":[{"start":{"line":19,"column":42},"end":{"line":19,"column":44}},{"start":{"line":19,"column":47},"end":{"line":19,"column":53}}],"line":19},"1":{"loc":{"start":{"line":20,"column":40},"end":{"line":20,"column":92}},"type":"cond-expr","locations":[{"start":{"line":20,"column":81},"end":{"line":20,"column":83}},{"start":{"line":20,"column":86},"end":{"line":20,"column":92}}],"line":20}},"s":{"0":2,"1":9,"2":9,"3":9,"4":3,"5":9,"6":9,"7":9,"8":3,"9":0,"10":0},"f":{"0":9,"1":3,"2":3,"3":0,"4":0},"b":{"0":[3,6],"1":[7,2]},"_coverageSchema":"43e27e138ebf9cfc5966b082cf9a028302ed4184","hash":"9a79fdd4ecb8ba200ae511356263ef28b07c74c9"}
,"/Users/aikateinitziala/GitHub/fullstackopen2019/part5/bloglist/frontend/src/components/BlogList.js": {"path":"/Users/aikateinitziala/GitHub/fullstackopen2019/part5/bloglist/frontend/src/components/BlogList.js","statementMap":{"0":{"start":{"line":5,"column":17},"end":{"line":18,"column":1}},"1":{"start":{"line":6,"column":4},"end":{"line":11,"column":6}},"2":{"start":{"line":12,"column":25},"end":{"line":12,"column":165}},"3":{"start":{"line":12,"column":31},"end":{"line":12,"column":165}},"4":{"start":{"line":12,"column":52},"end":{"line":12,"column":164}},"5":{"start":{"line":13,"column":4},"end":{"line":17,"column":6}}},"fnMap":{"0":{"name":"(anonymous_0)","decl":{"start":{"line":5,"column":17},"end":{"line":5,"column":18}},"loc":{"start":{"line":5,"column":74},"end":{"line":18,"column":1}},"line":5},"1":{"name":"(anonymous_1)","decl":{"start":{"line":12,"column":25},"end":{"line":12,"column":26}},"loc":{"start":{"line":12,"column":31},"end":{"line":12,"column":165}},"line":12},"2":{"name":"(anonymous_2)","decl":{"start":{"line":12,"column":44},"end":{"line":12,"column":45}},"loc":{"start":{"line":12,"column":52},"end":{"line":12,"column":164}},"line":12}},"branchMap":{},"s":{"0":1,"1":3,"2":3,"3":3,"4":1,"5":3},"f":{"0":3,"1":3,"2":1},"b":{},"_coverageSchema":"43e27e138ebf9cfc5966b082cf9a028302ed4184","hash":"8521e12fa7ef5fb4b99fb21debef92032a048b4b"}
,"/Users/aikateinitziala/GitHub/fullstackopen2019/part5/bloglist/frontend/src/components/Button.js": {"path":"/Users/aikateinitziala/GitHub/fullstackopen2019/part5/bloglist/frontend/src/components/Button.js","statementMap":{"0":{"start":{"line":4,"column":15},"end":{"line":16,"column":1}},"1":{"start":{"line":5,"column":4},"end":{"line":9,"column":6}},"2":{"start":{"line":11,"column":4},"end":{"line":15,"column":6}}},"fnMap":{"0":{"name":"(anonymous_0)","decl":{"start":{"line":4,"column":15},"end":{"line":4,"column":16}},"loc":{"start":{"line":4,"column":26},"end":{"line":16,"column":1}},"line":4}},"branchMap":{},"s":{"0":2,"1":17,"2":17},"f":{"0":17},"b":{},"_coverageSchema":"43e27e138ebf9cfc5966b082cf9a028302ed4184","hash":"521863b1597099aab32907caee26a95570e5e996"}
,"/Users/aikateinitziala/GitHub/fullstackopen2019/part5/bloglist/frontend/src/components/CreateBlogForm.js": {"path":"/Users/aikateinitziala/GitHub/fullstackopen2019/part5/bloglist/frontend/src/components/CreateBlogForm.js","statementMap":{"0":{"start":{"line":6,"column":18},"end":{"line":6,"column":47}},"1":{"start":{"line":8,"column":23},"end":{"line":75,"column":1}},"2":{"start":{"line":9,"column":4},"end":{"line":12,"column":6}},"3":{"start":{"line":14,"column":18},"end":{"line":14,"column":34}},"4":{"start":{"line":15,"column":19},"end":{"line":15,"column":35}},"5":{"start":{"line":16,"column":16},"end":{"line":16,"column":32}},"6":{"start":{"line":18,"column":26},"end":{"line":22,"column":5}},"7":{"start":{"line":19,"column":8},"end":{"line":19,"column":22}},"8":{"start":{"line":20,"column":8},"end":{"line":20,"column":23}},"9":{"start":{"line":21,"column":8},"end":{"line":21,"column":20}},"10":{"start":{"line":24,"column":29},"end":{"line":31,"column":5}},"11":{"start":{"line":25,"column":24},"end":{"line":29,"column":9}},"12":{"start":{"line":30,"column":8},"end":{"line":30,"column":23}},"13":{"start":{"line":33,"column":31},"end":{"line":41,"column":5}},"14":{"start":{"line":34,"column":8},"end":{"line":36,"column":9}},"15":{"start":{"line":35,"column":12},"end":{"line":35,"column":25}},"16":{"start":{"line":37,"column":8},"end":{"line":39,"column":9}},"17":{"start":{"line":38,"column":12},"end":{"line":38,"column":25}},"18":{"start":{"line":40,"column":8},"end":{"line":40,"column":20}},"19":{"start":{"line":43,"column":31},"end":{"line":55,"column":5}},"20":{"start":{"line":44,"column":8},"end":{"line":44,"column":31}},"21":{"start":{"line":45,"column":24},"end":{"line":45,"column":42}},"22":{"start":{"line":46,"column":8},"end":{"line":54,"column":9}},"23":{"start":{"line":47,"column":25},"end":{"line":47,"column":32}},"24":{"start":{"line":48,"column":28},"end":{"line":48,"column":56}},"25":{"start":{"line":49,"column":12},"end":{"line":49,"column":48}},"26":{"start":{"line":50,"column":12},"end":{"line":50,"column":19}},"27":{"start":{"line":52,"column":12},"end":{"line":52,"column":28}},"28":{"start":{"line":53,"column":12},"end":{"line":53,"column":35}},"29":{"start":{"line":57,"column":4},"end":{"line":74,"column":6}},"30":{"start":{"line":72,"column":39},"end":{"line":72,"column":54}}},"fnMap":{"0":{"name":"(anonymous_0)","decl":{"start":{"line":8,"column":23},"end":{"line":8,"column":24}},"loc":{"start":{"line":8,"column":34},"end":{"line":75,"column":1}},"line":8},"1":{"name":"(anonymous_1)","decl":{"start":{"line":18,"column":26},"end":{"line":18,"column":27}},"loc":{"start":{"line":18,"column":32},"end":{"line":22,"column":5}},"line":18},"2":{"name":"(anonymous_2)","decl":{"start":{"line":24,"column":29},"end":{"line":24,"column":30}},"loc":{"start":{"line":24,"column":35},"end":{"line":31,"column":5}},"line":24},"3":{"name":"(anonymous_3)","decl":{"start":{"line":33,"column":31},"end":{"line":33,"column":32}},"loc":{"start":{"line":33,"column":50},"end":{"line":41,"column":5}},"line":33},"4":{"name":"(anonymous_4)","decl":{"start":{"line":43,"column":31},"end":{"line":43,"column":32}},"loc":{"start":{"line":43,"column":42},"end":{"line":55,"column":5}},"line":43},"5":{"name":"(anonymous_5)","decl":{"start":{"line":72,"column":33},"end":{"line":72,"column":34}},"loc":{"start":{"line":72,"column":39},"end":{"line":72,"column":54}},"line":72}},"branchMap":{"0":{"loc":{"start":{"line":34,"column":8},"end":{"line":36,"column":9}},"type":"if","locations":[{"start":{"line":34,"column":8},"end":{"line":36,"column":9}},{"start":{"line":34,"column":8},"end":{"line":36,"column":9}}],"line":34},"1":{"loc":{"start":{"line":34,"column":12},"end":{"line":34,"column":151}},"type":"binary-expr","locations":[{"start":{"line":34,"column":12},"end":{"line":34,"column":56}},{"start":{"line":34,"column":60},"end":{"line":34,"column":105}},{"start":{"line":34,"column":109},"end":{"line":34,"column":151}}],"line":34},"2":{"loc":{"start":{"line":37,"column":8},"end":{"line":39,"column":9}},"type":"if","locations":[{"start":{"line":37,"column":8},"end":{"line":39,"column":9}},{"start":{"line":37,"column":8},"end":{"line":39,"column":9}}],"line":37},"3":{"loc":{"start":{"line":37,"column":12},"end":{"line":37,"column":109}},"type":"binary-expr","locations":[{"start":{"line":37,"column":12},"end":{"line":37,"column":42}},{"start":{"line":37,"column":46},"end":{"line":37,"column":77}},{"start":{"line":37,"column":81},"end":{"line":37,"column":109}}],"line":37},"4":{"loc":{"start":{"line":46,"column":8},"end":{"line":54,"column":9}},"type":"if","locations":[{"start":{"line":46,"column":8},"end":{"line":54,"column":9}},{"start":{"line":46,"column":8},"end":{"line":54,"column":9}}],"line":46}},"s":{"0":1,"1":1,"2":3,"3":3,"4":3,"5":3,"6":3,"7":0,"8":0,"9":0,"10":3,"11":3,"12":3,"13":3,"14":3,"15":3,"16":0,"17":0,"18":0,"19":3,"20":0,"21":0,"22":0,"23":0,"24":0,"25":0,"26":0,"27":0,"28":0,"29":3,"30":0},"f":{"0":3,"1":0,"2":3,"3":3,"4":0,"5":0},"b":{"0":[3,0],"1":[3,0,0],"2":[0,0],"3":[0,0,0],"4":[0,0]},"_coverageSchema":"43e27e138ebf9cfc5966b082cf9a028302ed4184","hash":"60cbce682c18744b06a9ea94e609d546447c8c01"}
,"/Users/aikateinitziala/GitHub/fullstackopen2019/part5/bloglist/frontend/src/components/Login.js": {"path":"/Users/aikateinitziala/GitHub/fullstackopen2019/part5/bloglist/frontend/src/components/Login.js","statementMap":{"0":{"start":{"line":7,"column":18},"end":{"line":7,"column":47}},"1":{"start":{"line":9,"column":14},"end":{"line":73,"column":1}},"2":{"start":{"line":10,"column":4},"end":{"line":12,"column":6}},"3":{"start":{"line":13,"column":36},"end":{"line":13,"column":48}},"4":{"start":{"line":14,"column":36},"end":{"line":14,"column":48}},"5":{"start":{"line":15,"column":44},"end":{"line":15,"column":63}},"6":{"start":{"line":17,"column":34},"end":{"line":17,"column":76}},"7":{"start":{"line":17,"column":45},"end":{"line":17,"column":76}},"8":{"start":{"line":18,"column":34},"end":{"line":18,"column":76}},"9":{"start":{"line":18,"column":45},"end":{"line":18,"column":76}},"10":{"start":{"line":20,"column":27},"end":{"line":24,"column":5}},"11":{"start":{"line":21,"column":8},"end":{"line":21,"column":24}},"12":{"start":{"line":22,"column":8},"end":{"line":22,"column":24}},"13":{"start":{"line":23,"column":8},"end":{"line":23,"column":35}},"14":{"start":{"line":26,"column":29},"end":{"line":26,"column":115}},"15":{"start":{"line":26,"column":36},"end":{"line":26,"column":114}},"16":{"start":{"line":28,"column":24},"end":{"line":47,"column":5}},"17":{"start":{"line":29,"column":8},"end":{"line":29,"column":31}},"18":{"start":{"line":30,"column":8},"end":{"line":46,"column":9}},"19":{"start":{"line":31,"column":28},"end":{"line":31,"column":55}},"20":{"start":{"line":32,"column":25},"end":{"line":32,"column":32}},"21":{"start":{"line":33,"column":12},"end":{"line":33,"column":42}},"22":{"start":{"line":34,"column":12},"end":{"line":34,"column":19}},"23":{"start":{"line":36,"column":32},"end":{"line":36,"column":54}},"24":{"start":{"line":37,"column":12},"end":{"line":45,"column":15}},"25":{"start":{"line":38,"column":16},"end":{"line":38,"column":33}},"26":{"start":{"line":39,"column":16},"end":{"line":39,"column":37}},"27":{"start":{"line":40,"column":16},"end":{"line":40,"column":83}},"28":{"start":{"line":42,"column":32},"end":{"line":42,"column":57}},"29":{"start":{"line":43,"column":29},"end":{"line":43,"column":36}},"30":{"start":{"line":44,"column":16},"end":{"line":44,"column":46}},"31":{"start":{"line":49,"column":23},"end":{"line":52,"column":5}},"32":{"start":{"line":50,"column":8},"end":{"line":50,"column":38}},"33":{"start":{"line":51,"column":8},"end":{"line":51,"column":59}},"34":{"start":{"line":51,"column":25},"end":{"line":51,"column":51}},"35":{"start":{"line":55,"column":4},"end":{"line":72,"column":6}},"36":{"start":{"line":68,"column":43},"end":{"line":68,"column":59}}},"fnMap":{"0":{"name":"(anonymous_0)","decl":{"start":{"line":9,"column":14},"end":{"line":9,"column":15}},"loc":{"start":{"line":9,"column":38},"end":{"line":73,"column":1}},"line":9},"1":{"name":"(anonymous_1)","decl":{"start":{"line":17,"column":34},"end":{"line":17,"column":35}},"loc":{"start":{"line":17,"column":45},"end":{"line":17,"column":76}},"line":17},"2":{"name":"(anonymous_2)","decl":{"start":{"line":18,"column":34},"end":{"line":18,"column":35}},"loc":{"start":{"line":18,"column":45},"end":{"line":18,"column":76}},"line":18},"3":{"name":"(anonymous_3)","decl":{"start":{"line":20,"column":27},"end":{"line":20,"column":28}},"loc":{"start":{"line":20,"column":33},"end":{"line":24,"column":5}},"line":20},"4":{"name":"(anonymous_4)","decl":{"start":{"line":26,"column":29},"end":{"line":26,"column":30}},"loc":{"start":{"line":26,"column":36},"end":{"line":26,"column":114}},"line":26},"5":{"name":"(anonymous_5)","decl":{"start":{"line":28,"column":24},"end":{"line":28,"column":25}},"loc":{"start":{"line":28,"column":35},"end":{"line":47,"column":5}},"line":28},"6":{"name":"(anonymous_6)","decl":{"start":{"line":37,"column":53},"end":{"line":37,"column":54}},"loc":{"start":{"line":37,"column":61},"end":{"line":41,"column":13}},"line":37},"7":{"name":"(anonymous_7)","decl":{"start":{"line":41,"column":21},"end":{"line":41,"column":22}},"loc":{"start":{"line":41,"column":30},"end":{"line":45,"column":13}},"line":41},"8":{"name":"(anonymous_8)","decl":{"start":{"line":49,"column":23},"end":{"line":49,"column":24}},"loc":{"start":{"line":49,"column":41},"end":{"line":52,"column":5}},"line":49},"9":{"name":"(anonymous_9)","decl":{"start":{"line":51,"column":19},"end":{"line":51,"column":20}},"loc":{"start":{"line":51,"column":25},"end":{"line":51,"column":51}},"line":51},"10":{"name":"(anonymous_10)","decl":{"start":{"line":68,"column":37},"end":{"line":68,"column":38}},"loc":{"start":{"line":68,"column":43},"end":{"line":68,"column":59}},"line":68}},"branchMap":{"0":{"loc":{"start":{"line":26,"column":36},"end":{"line":26,"column":114}},"type":"binary-expr","locations":[{"start":{"line":26,"column":36},"end":{"line":26,"column":73}},{"start":{"line":26,"column":77},"end":{"line":26,"column":114}}],"line":26},"1":{"loc":{"start":{"line":30,"column":8},"end":{"line":46,"column":9}},"type":"if","locations":[{"start":{"line":30,"column":8},"end":{"line":46,"column":9}},{"start":{"line":30,"column":8},"end":{"line":46,"column":9}}],"line":30}},"s":{"0":1,"1":1,"2":2,"3":2,"4":2,"5":2,"6":2,"7":0,"8":2,"9":0,"10":2,"11":0,"12":0,"13":0,"14":2,"15":2,"16":2,"17":0,"18":0,"19":0,"20":0,"21":0,"22":0,"23":0,"24":0,"25":0,"26":0,"27":0,"28":0,"29":0,"30":0,"31":2,"32":0,"33":0,"34":0,"35":2,"36":0},"f":{"0":2,"1":0,"2":0,"3":0,"4":2,"5":0,"6":0,"7":0,"8":0,"9":0,"10":0},"b":{"0":[2,0],"1":[0,0]},"_coverageSchema":"43e27e138ebf9cfc5966b082cf9a028302ed4184","hash":"987dc97c2d0a0c4700ff16b3cb56a3fe86d4ad04"}
,"/Users/aikateinitziala/GitHub/fullstackopen2019/part5/bloglist/frontend/src/components/Notification.js": {"path":"/Users/aikateinitziala/GitHub/fullstackopen2019/part5/bloglist/frontend/src/components/Notification.js","statementMap":{"0":{"start":{"line":3,"column":21},"end":{"line":11,"column":1}},"1":{"start":{"line":4,"column":4},"end":{"line":6,"column":5}},"2":{"start":{"line":5,"column":8},"end":{"line":5,"column":20}},"3":{"start":{"line":7,"column":22},"end":{"line":7,"column":71}},"4":{"start":{"line":8,"column":4},"end":{"line":10,"column":6}}},"fnMap":{"0":{"name":"(anonymous_0)","decl":{"start":{"line":3,"column":21},"end":{"line":3,"column":22}},"loc":{"start":{"line":3,"column":43},"end":{"line":11,"column":1}},"line":3}},"branchMap":{"0":{"loc":{"start":{"line":4,"column":4},"end":{"line":6,"column":5}},"type":"if","locations":[{"start":{"line":4,"column":4},"end":{"line":6,"column":5}},{"start":{"line":4,"column":4},"end":{"line":6,"column":5}}],"line":4}},"s":{"0":1,"1":5,"2":5,"3":0,"4":0},"f":{"0":5},"b":{"0":[5,0]},"_coverageSchema":"43e27e138ebf9cfc5966b082cf9a028302ed4184","hash":"e93396e9fb9b400bdf5edbe267ba1473916b0079"}
,"/Users/aikateinitziala/GitHub/fullstackopen2019/part5/bloglist/frontend/src/components/SimpleBlog.js": {"path":"/Users/aikateinitziala/GitHub/fullstackopen2019/part5/bloglist/frontend/src/components/SimpleBlog.js","statementMap":{"0":{"start":{"line":3,"column":19},"end":{"line":13,"column":1}},"1":{"start":{"line":4,"column":4},"end":{"line":12,"column":10}}},"fnMap":{"0":{"name":"(anonymous_0)","decl":{"start":{"line":3,"column":19},"end":{"line":3,"column":20}},"loc":{"start":{"line":4,"column":4},"end":{"line":12,"column":10}},"line":4}},"branchMap":{},"s":{"0":1,"1":2},"f":{"0":2},"b":{},"_coverageSchema":"43e27e138ebf9cfc5966b082cf9a028302ed4184","hash":"b2d78e97441bdb44f6dd7b2f622dac015b154ab3"}
,"/Users/aikateinitziala/GitHub/fullstackopen2019/part5/bloglist/frontend/src/components/Togglable.js": {"path":"/Users/aikateinitziala/GitHub/fullstackopen2019/part5/bloglist/frontend/src/components/Togglable.js","statementMap":{"0":{"start":{"line":4,"column":18},"end":{"line":36,"column":2}},"1":{"start":{"line":5,"column":4},"end":{"line":7,"column":6}},"2":{"start":{"line":8,"column":34},"end":{"line":8,"column":49}},"3":{"start":{"line":10,"column":28},"end":{"line":10,"column":62}},"4":{"start":{"line":11,"column":28},"end":{"line":11,"column":62}},"5":{"start":{"line":13,"column":35},"end":{"line":13,"column":87}},"6":{"start":{"line":15,"column":29},"end":{"line":17,"column":5}},"7":{"start":{"line":16,"column":8},"end":{"line":16,"column":29}},"8":{"start":{"line":19,"column":4},"end":{"line":23,"column":7}},"9":{"start":{"line":20,"column":8},"end":{"line":22,"column":10}},"10":{"start":{"line":25,"column":4},"end":{"line":35,"column":6}},"11":{"start":{"line":37,"column":0},"end":{"line":37,"column":36}}},"fnMap":{"0":{"name":"(anonymous_0)","decl":{"start":{"line":4,"column":35},"end":{"line":4,"column":36}},"loc":{"start":{"line":4,"column":51},"end":{"line":36,"column":1}},"line":4},"1":{"name":"(anonymous_1)","decl":{"start":{"line":15,"column":29},"end":{"line":15,"column":30}},"loc":{"start":{"line":15,"column":35},"end":{"line":17,"column":5}},"line":15},"2":{"name":"(anonymous_2)","decl":{"start":{"line":19,"column":29},"end":{"line":19,"column":30}},"loc":{"start":{"line":19,"column":35},"end":{"line":23,"column":5}},"line":19}},"branchMap":{"0":{"loc":{"start":{"line":10,"column":39},"end":{"line":10,"column":60}},"type":"cond-expr","locations":[{"start":{"line":10,"column":49},"end":{"line":10,"column":55}},{"start":{"line":10,"column":58},"end":{"line":10,"column":60}}],"line":10},"1":{"loc":{"start":{"line":11,"column":39},"end":{"line":11,"column":60}},"type":"cond-expr","locations":[{"start":{"line":11,"column":49},"end":{"line":11,"column":51}},{"start":{"line":11,"column":54},"end":{"line":11,"column":60}}],"line":11},"2":{"loc":{"start":{"line":13,"column":46},"end":{"line":13,"column":85}},"type":"cond-expr","locations":[{"start":{"line":13,"column":74},"end":{"line":13,"column":76}},{"start":{"line":13,"column":79},"end":{"line":13,"column":85}}],"line":13}},"s":{"0":1,"1":3,"2":3,"3":3,"4":3,"5":3,"6":3,"7":0,"8":3,"9":3,"10":3,"11":1},"f":{"0":3,"1":0,"2":3},"b":{"0":[0,3],"1":[0,3],"2":[3,0]},"_coverageSchema":"43e27e138ebf9cfc5966b082cf9a028302ed4184","hash":"3eaa1756768b25921150a99480f211fac8d943db"}
,"/Users/aikateinitziala/GitHub/fullstackopen2019/part5/bloglist/frontend/src/components/UserApp.js": {"path":"/Users/aikateinitziala/GitHub/fullstackopen2019/part5/bloglist/frontend/src/components/UserApp.js","statementMap":{"0":{"start":{"line":10,"column":16},"end":{"line":104,"column":1}},"1":{"start":{"line":11,"column":4},"end":{"line":14,"column":6}},"2":{"start":{"line":16,"column":24},"end":{"line":16,"column":41}},"3":{"start":{"line":17,"column":17},"end":{"line":17,"column":27}},"4":{"start":{"line":18,"column":38},"end":{"line":18,"column":50}},"5":{"start":{"line":19,"column":44},"end":{"line":19,"column":63}},"6":{"start":{"line":21,"column":4},"end":{"line":25,"column":11}},"7":{"start":{"line":22,"column":8},"end":{"line":24,"column":11}},"8":{"start":{"line":23,"column":12},"end":{"line":23,"column":35}},"9":{"start":{"line":27,"column":20},"end":{"line":39,"column":5}},"10":{"start":{"line":28,"column":8},"end":{"line":28,"column":47}},"11":{"start":{"line":29,"column":8},"end":{"line":38,"column":11}},"12":{"start":{"line":30,"column":25},"end":{"line":30,"column":34}},"13":{"start":{"line":31,"column":28},"end":{"line":31,"column":95}},"14":{"start":{"line":32,"column":12},"end":{"line":32,"column":42}},"15":{"start":{"line":33,"column":12},"end":{"line":33,"column":54}},"16":{"start":{"line":35,"column":28},"end":{"line":35,"column":53}},"17":{"start":{"line":36,"column":25},"end":{"line":36,"column":32}},"18":{"start":{"line":37,"column":12},"end":{"line":37,"column":42}},"19":{"start":{"line":41,"column":23},"end":{"line":44,"column":5}},"20":{"start":{"line":42,"column":8},"end":{"line":42,"column":38}},"21":{"start":{"line":43,"column":8},"end":{"line":43,"column":59}},"22":{"start":{"line":43,"column":25},"end":{"line":43,"column":51}},"23":{"start":{"line":46,"column":21},"end":{"line":66,"column":5}},"24":{"start":{"line":47,"column":27},"end":{"line":53,"column":9}},"25":{"start":{"line":54,"column":8},"end":{"line":65,"column":11}},"26":{"start":{"line":55,"column":25},"end":{"line":55,"column":34}},"27":{"start":{"line":56,"column":28},"end":{"line":56,"column":93}},"28":{"start":{"line":57,"column":12},"end":{"line":57,"column":42}},"29":{"start":{"line":58,"column":29},"end":{"line":58,"column":86}},"30":{"start":{"line":58,"column":59},"end":{"line":58,"column":85}},"31":{"start":{"line":59,"column":12},"end":{"line":59,"column":39}},"32":{"start":{"line":60,"column":12},"end":{"line":60,"column":35}},"33":{"start":{"line":62,"column":28},"end":{"line":62,"column":53}},"34":{"start":{"line":63,"column":25},"end":{"line":63,"column":32}},"35":{"start":{"line":64,"column":12},"end":{"line":64,"column":42}},"36":{"start":{"line":68,"column":27},"end":{"line":71,"column":5}},"37":{"start":{"line":69,"column":22},"end":{"line":69,"column":36}},"38":{"start":{"line":70,"column":8},"end":{"line":70,"column":84}},"39":{"start":{"line":70,"column":46},"end":{"line":70,"column":82}},"40":{"start":{"line":73,"column":23},"end":{"line":88,"column":5}},"41":{"start":{"line":74,"column":29},"end":{"line":74,"column":76}},"42":{"start":{"line":74,"column":57},"end":{"line":74,"column":75}},"43":{"start":{"line":75,"column":8},"end":{"line":87,"column":9}},"44":{"start":{"line":76,"column":12},"end":{"line":86,"column":15}},"45":{"start":{"line":77,"column":33},"end":{"line":77,"column":82}},"46":{"start":{"line":77,"column":63},"end":{"line":77,"column":81}},"47":{"start":{"line":78,"column":29},"end":{"line":78,"column":38}},"48":{"start":{"line":79,"column":32},"end":{"line":79,"column":105}},"49":{"start":{"line":80,"column":16},"end":{"line":80,"column":46}},"50":{"start":{"line":81,"column":16},"end":{"line":81,"column":39}},"51":{"start":{"line":83,"column":32},"end":{"line":83,"column":57}},"52":{"start":{"line":84,"column":29},"end":{"line":84,"column":36}},"53":{"start":{"line":85,"column":16},"end":{"line":85,"column":46}},"54":{"start":{"line":90,"column":4},"end":{"line":103,"column":6}},"55":{"start":{"line":94,"column":43},"end":{"line":94,"column":62}}},"fnMap":{"0":{"name":"(anonymous_0)","decl":{"start":{"line":10,"column":16},"end":{"line":10,"column":17}},"loc":{"start":{"line":10,"column":27},"end":{"line":104,"column":1}},"line":10},"1":{"name":"(anonymous_1)","decl":{"start":{"line":21,"column":14},"end":{"line":21,"column":15}},"loc":{"start":{"line":21,"column":20},"end":{"line":25,"column":5}},"line":21},"2":{"name":"(anonymous_2)","decl":{"start":{"line":22,"column":35},"end":{"line":22,"column":36}},"loc":{"start":{"line":22,"column":47},"end":{"line":24,"column":9}},"line":22},"3":{"name":"(anonymous_3)","decl":{"start":{"line":27,"column":20},"end":{"line":27,"column":21}},"loc":{"start":{"line":27,"column":33},"end":{"line":39,"column":5}},"line":27},"4":{"name":"(anonymous_4)","decl":{"start":{"line":29,"column":42},"end":{"line":29,"column":43}},"loc":{"start":{"line":29,"column":55},"end":{"line":34,"column":9}},"line":29},"5":{"name":"(anonymous_5)","decl":{"start":{"line":34,"column":17},"end":{"line":34,"column":18}},"loc":{"start":{"line":34,"column":26},"end":{"line":38,"column":9}},"line":34},"6":{"name":"(anonymous_6)","decl":{"start":{"line":41,"column":23},"end":{"line":41,"column":24}},"loc":{"start":{"line":41,"column":41},"end":{"line":44,"column":5}},"line":41},"7":{"name":"(anonymous_7)","decl":{"start":{"line":43,"column":19},"end":{"line":43,"column":20}},"loc":{"start":{"line":43,"column":25},"end":{"line":43,"column":51}},"line":43},"8":{"name":"(anonymous_8)","decl":{"start":{"line":46,"column":21},"end":{"line":46,"column":22}},"loc":{"start":{"line":46,"column":31},"end":{"line":66,"column":5}},"line":46},"9":{"name":"(anonymous_9)","decl":{"start":{"line":54,"column":54},"end":{"line":54,"column":55}},"loc":{"start":{"line":54,"column":69},"end":{"line":61,"column":9}},"line":54},"10":{"name":"(anonymous_10)","decl":{"start":{"line":58,"column":51},"end":{"line":58,"column":52}},"loc":{"start":{"line":58,"column":59},"end":{"line":58,"column":85}},"line":58},"11":{"name":"(anonymous_11)","decl":{"start":{"line":61,"column":17},"end":{"line":61,"column":18}},"loc":{"start":{"line":61,"column":26},"end":{"line":65,"column":9}},"line":61},"12":{"name":"(anonymous_12)","decl":{"start":{"line":68,"column":27},"end":{"line":68,"column":28}},"loc":{"start":{"line":68,"column":33},"end":{"line":71,"column":5}},"line":68},"13":{"name":"(anonymous_13)","decl":{"start":{"line":70,"column":28},"end":{"line":70,"column":29}},"loc":{"start":{"line":70,"column":46},"end":{"line":70,"column":82}},"line":70},"14":{"name":"(anonymous_14)","decl":{"start":{"line":73,"column":23},"end":{"line":73,"column":24}},"loc":{"start":{"line":73,"column":35},"end":{"line":88,"column":5}},"line":73},"15":{"name":"(anonymous_15)","decl":{"start":{"line":74,"column":49},"end":{"line":74,"column":50}},"loc":{"start":{"line":74,"column":57},"end":{"line":74,"column":75}},"line":74},"16":{"name":"(anonymous_16)","decl":{"start":{"line":76,"column":49},"end":{"line":76,"column":50}},"loc":{"start":{"line":76,"column":55},"end":{"line":82,"column":13}},"line":76},"17":{"name":"(anonymous_17)","decl":{"start":{"line":77,"column":55},"end":{"line":77,"column":56}},"loc":{"start":{"line":77,"column":63},"end":{"line":77,"column":81}},"line":77},"18":{"name":"(anonymous_18)","decl":{"start":{"line":82,"column":21},"end":{"line":82,"column":22}},"loc":{"start":{"line":82,"column":30},"end":{"line":86,"column":13}},"line":82},"19":{"name":"(anonymous_19)","decl":{"start":{"line":94,"column":37},"end":{"line":94,"column":38}},"loc":{"start":{"line":94,"column":43},"end":{"line":94,"column":62}},"line":94}},"branchMap":{"0":{"loc":{"start":{"line":70,"column":46},"end":{"line":70,"column":82}},"type":"cond-expr","locations":[{"start":{"line":70,"column":76},"end":{"line":70,"column":77}},{"start":{"line":70,"column":80},"end":{"line":70,"column":82}}],"line":70},"1":{"loc":{"start":{"line":75,"column":8},"end":{"line":87,"column":9}},"type":"if","locations":[{"start":{"line":75,"column":8},"end":{"line":87,"column":9}},{"start":{"line":75,"column":8},"end":{"line":87,"column":9}}],"line":75}},"s":{"0":1,"1":3,"2":3,"3":3,"4":3,"5":3,"6":3,"7":1,"8":1,"9":3,"10":0,"11":0,"12":0,"13":0,"14":0,"15":0,"16":0,"17":0,"18":0,"19":3,"20":0,"21":0,"22":0,"23":3,"24":0,"25":0,"26":0,"27":0,"28":0,"29":0,"30":0,"31":0,"32":0,"33":0,"34":0,"35":0,"36":3,"37":3,"38":3,"39":0,"40":3,"41":0,"42":0,"43":0,"44":0,"45":0,"46":0,"47":0,"48":0,"49":0,"50":0,"51":0,"52":0,"53":0,"54":3,"55":0},"f":{"0":3,"1":1,"2":1,"3":0,"4":0,"5":0,"6":0,"7":0,"8":0,"9":0,"10":0,"11":0,"12":3,"13":0,"14":0,"15":0,"16":0,"17":0,"18":0,"19":0},"b":{"0":[0,0],"1":[0,0]},"_coverageSchema":"43e27e138ebf9cfc5966b082cf9a028302ed4184","hash":"a899e986c530c5f611c85137968f195a2de8610c"}
,"/Users/aikateinitziala/GitHub/fullstackopen2019/part5/bloglist/frontend/src/hooks/useField.js": {"path":"/Users/aikateinitziala/GitHub/fullstackopen2019/part5/bloglist/frontend/src/hooks/useField.js","statementMap":{"0":{"start":{"line":3,"column":24},"end":{"line":15,"column":1}},"1":{"start":{"line":4,"column":30},"end":{"line":4,"column":42}},"2":{"start":{"line":6,"column":21},"end":{"line":6,"column":60}},"3":{"start":{"line":6,"column":32},"end":{"line":6,"column":60}},"4":{"start":{"line":7,"column":18},"end":{"line":7,"column":41}},"5":{"start":{"line":7,"column":29},"end":{"line":7,"column":41}},"6":{"start":{"line":9,"column":4},"end":{"line":14,"column":6}}},"fnMap":{"0":{"name":"(anonymous_0)","decl":{"start":{"line":3,"column":24},"end":{"line":3,"column":25}},"loc":{"start":{"line":3,"column":34},"end":{"line":15,"column":1}},"line":3},"1":{"name":"(anonymous_1)","decl":{"start":{"line":6,"column":21},"end":{"line":6,"column":22}},"loc":{"start":{"line":6,"column":32},"end":{"line":6,"column":60}},"line":6},"2":{"name":"(anonymous_2)","decl":{"start":{"line":7,"column":18},"end":{"line":7,"column":19}},"loc":{"start":{"line":7,"column":29},"end":{"line":7,"column":41}},"line":7}},"branchMap":{},"s":{"0":1,"1":9,"2":9,"3":0,"4":9,"5":0,"6":9},"f":{"0":9,"1":0,"2":0},"b":{},"_coverageSchema":"43e27e138ebf9cfc5966b082cf9a028302ed4184","hash":"3c6e7df21ffb646f4408b99a2270e9835a701ab4"}
,"/Users/aikateinitziala/GitHub/fullstackopen2019/part5/bloglist/frontend/src/services/blogsService.js": {"path":"/Users/aikateinitziala/GitHub/fullstackopen2019/part5/bloglist/frontend/src/services/blogsService.js","statementMap":{"0":{"start":{"line":2,"column":16},"end":{"line":2,"column":49}},"1":{"start":{"line":4,"column":17},"end":{"line":6,"column":1}},"2":{"start":{"line":5,"column":4},"end":{"line":5,"column":75}},"3":{"start":{"line":8,"column":19},"end":{"line":10,"column":1}},"4":{"start":{"line":9,"column":4},"end":{"line":9,"column":58}},"5":{"start":{"line":12,"column":15},"end":{"line":15,"column":1}},"6":{"start":{"line":13,"column":20},"end":{"line":13,"column":38}},"7":{"start":{"line":14,"column":4},"end":{"line":14,"column":51}},"8":{"start":{"line":14,"column":36},"end":{"line":14,"column":49}},"9":{"start":{"line":17,"column":15},"end":{"line":20,"column":1}},"10":{"start":{"line":18,"column":20},"end":{"line":18,"column":50}},"11":{"start":{"line":19,"column":4},"end":{"line":19,"column":51}},"12":{"start":{"line":19,"column":36},"end":{"line":19,"column":49}},"13":{"start":{"line":22,"column":15},"end":{"line":25,"column":1}},"14":{"start":{"line":23,"column":20},"end":{"line":23,"column":60}},"15":{"start":{"line":24,"column":4},"end":{"line":24,"column":51}},"16":{"start":{"line":24,"column":36},"end":{"line":24,"column":49}},"17":{"start":{"line":27,"column":19},"end":{"line":30,"column":1}},"18":{"start":{"line":28,"column":20},"end":{"line":28,"column":52}},"19":{"start":{"line":29,"column":4},"end":{"line":29,"column":46}},"20":{"start":{"line":29,"column":36},"end":{"line":29,"column":44}}},"fnMap":{"0":{"name":"(anonymous_0)","decl":{"start":{"line":4,"column":17},"end":{"line":4,"column":18}},"loc":{"start":{"line":4,"column":28},"end":{"line":6,"column":1}},"line":4},"1":{"name":"(anonymous_1)","decl":{"start":{"line":8,"column":19},"end":{"line":8,"column":20}},"loc":{"start":{"line":8,"column":25},"end":{"line":10,"column":1}},"line":8},"2":{"name":"(anonymous_2)","decl":{"start":{"line":12,"column":15},"end":{"line":12,"column":16}},"loc":{"start":{"line":12,"column":21},"end":{"line":15,"column":1}},"line":12},"3":{"name":"(anonymous_3)","decl":{"start":{"line":14,"column":24},"end":{"line":14,"column":25}},"loc":{"start":{"line":14,"column":36},"end":{"line":14,"column":49}},"line":14},"4":{"name":"(anonymous_4)","decl":{"start":{"line":17,"column":15},"end":{"line":17,"column":16}},"loc":{"start":{"line":17,"column":28},"end":{"line":20,"column":1}},"line":17},"5":{"name":"(anonymous_5)","decl":{"start":{"line":19,"column":24},"end":{"line":19,"column":25}},"loc":{"start":{"line":19,"column":36},"end":{"line":19,"column":49}},"line":19},"6":{"name":"(anonymous_6)","decl":{"start":{"line":22,"column":15},"end":{"line":22,"column":16}},"loc":{"start":{"line":22,"column":34},"end":{"line":25,"column":1}},"line":22},"7":{"name":"(anonymous_7)","decl":{"start":{"line":24,"column":24},"end":{"line":24,"column":25}},"loc":{"start":{"line":24,"column":36},"end":{"line":24,"column":49}},"line":24},"8":{"name":"(anonymous_8)","decl":{"start":{"line":27,"column":19},"end":{"line":27,"column":20}},"loc":{"start":{"line":27,"column":25},"end":{"line":30,"column":1}},"line":27},"9":{"name":"(anonymous_9)","decl":{"start":{"line":29,"column":24},"end":{"line":29,"column":25}},"loc":{"start":{"line":29,"column":36},"end":{"line":29,"column":44}},"line":29}},"branchMap":{},"s":{"0":0,"1":0,"2":0,"3":0,"4":0,"5":0,"6":0,"7":0,"8":0,"9":0,"10":0,"11":0,"12":0,"13":0,"14":0,"15":0,"16":0,"17":0,"18":0,"19":0,"20":0},"f":{"0":0,"1":0,"2":0,"3":0,"4":0,"5":0,"6":0,"7":0,"8":0,"9":0},"b":{},"hash":"4d491cd944a52ab49bbda07e282b7c1357bfb4ee"}
,"/Users/aikateinitziala/GitHub/fullstackopen2019/part5/bloglist/frontend/src/services/loginService.js": {"path":"/Users/aikateinitziala/GitHub/fullstackopen2019/part5/bloglist/frontend/src/services/loginService.js","statementMap":{"0":{"start":{"line":2,"column":16},"end":{"line":2,"column":49}},"1":{"start":{"line":4,"column":18},"end":{"line":7,"column":1}},"2":{"start":{"line":5,"column":20},"end":{"line":5,"column":56}},"3":{"start":{"line":6,"column":4},"end":{"line":6,"column":51}},"4":{"start":{"line":6,"column":36},"end":{"line":6,"column":49}}},"fnMap":{"0":{"name":"(anonymous_0)","decl":{"start":{"line":4,"column":18},"end":{"line":4,"column":19}},"loc":{"start":{"line":4,"column":39},"end":{"line":7,"column":1}},"line":4},"1":{"name":"(anonymous_1)","decl":{"start":{"line":6,"column":24},"end":{"line":6,"column":25}},"loc":{"start":{"line":6,"column":36},"end":{"line":6,"column":49}},"line":6}},"branchMap":{},"s":{"0":1,"1":1,"2":0,"3":0,"4":0},"f":{"0":0,"1":0},"b":{},"_coverageSchema":"43e27e138ebf9cfc5966b082cf9a028302ed4184","hash":"5bc77b24f99c83814ea2d5c93ae0c450facc76c7"}
,"/Users/aikateinitziala/GitHub/fullstackopen2019/part5/bloglist/frontend/src/utils/validator.js": {"path":"/Users/aikateinitziala/GitHub/fullstackopen2019/part5/bloglist/frontend/src/utils/validator.js","statementMap":{"0":{"start":{"line":1,"column":22},"end":{"line":1,"column":56}},"1":{"start":{"line":1,"column":31},"end":{"line":1,"column":56}},"2":{"start":{"line":3,"column":26},"end":{"line":3,"column":80}},"3":{"start":{"line":3,"column":38},"end":{"line":3,"column":79}},"4":{"start":{"line":5,"column":0},"end":{"line":5,"column":54}}},"fnMap":{"0":{"name":"(anonymous_0)","decl":{"start":{"line":1,"column":22},"end":{"line":1,"column":23}},"loc":{"start":{"line":1,"column":31},"end":{"line":1,"column":56}},"line":1},"1":{"name":"(anonymous_1)","decl":{"start":{"line":3,"column":26},"end":{"line":3,"column":27}},"loc":{"start":{"line":3,"column":38},"end":{"line":3,"column":79}},"line":3}},"branchMap":{"0":{"loc":{"start":{"line":1,"column":31},"end":{"line":1,"column":56}},"type":"binary-expr","locations":[{"start":{"line":1,"column":31},"end":{"line":1,"column":35}},{"start":{"line":1,"column":39},"end":{"line":1,"column":56}}],"line":1},"1":{"loc":{"start":{"line":3,"column":38},"end":{"line":3,"column":79}},"type":"binary-expr","locations":[{"start":{"line":3,"column":38},"end":{"line":3,"column":59}},{"start":{"line":3,"column":63},"end":{"line":3,"column":79}}],"line":3}},"s":{"0":1,"1":5,"2":1,"3":2,"4":1},"f":{"0":5,"1":2},"b":{"0":[5,0],"1":[2,0]},"_coverageSchema":"43e27e138ebf9cfc5966b082cf9a028302ed4184","hash":"babfd887973ed65834e2b461d0ed110886ffede2"}
}
