TN:
SF:/Users/aikateinitziala/GitHub/fullstackopen2019/part5/bloglist/frontend/src/App.js
FN:7,(anonymous_0)
FN:10,(anonymous_1)
FN:19,(anonymous_2)
FN:24,(anonymous_3)
FNF:4
FNH:2
FNDA:2,(anonymous_0)
FNDA:1,(anonymous_1)
FNDA:0,(anonymous_2)
FNDA:0,(anonymous_3)
DA:7,1
DA:8,2
DA:10,2
DA:11,1
DA:12,1
DA:13,0
DA:14,0
DA:15,0
DA:19,2
DA:20,0
DA:21,0
DA:24,2
DA:25,0
DA:26,0
DA:27,0
DA:30,2
LF:16
LH:8
BRDA:12,0,0,0
BRDA:12,0,1,1
BRDA:32,1,0,2
BRDA:32,1,1,0
BRF:4
BRH:2
end_of_record
TN:
SF:/Users/aikateinitziala/GitHub/fullstackopen2019/part5/bloglist/frontend/src/index.js
FNF:0
FNH:0
DA:6,0
LF:1
LH:0
BRF:0
BRH:0
end_of_record
TN:
SF:/Users/aikateinitziala/GitHub/fullstackopen2019/part5/bloglist/frontend/src/components/Blog.js
FN:5,(anonymous_0)
FN:15,(anonymous_1)
FN:24,(anonymous_2)
FN:32,(anonymous_3)
FN:35,(anonymous_4)
FNF:5
FNH:3
FNDA:9,(anonymous_0)
FNDA:3,(anonymous_1)
FNDA:3,(anonymous_2)
FNDA:0,(anonymous_3)
FNDA:0,(anonymous_4)
DA:5,2
DA:6,9
DA:13,9
DA:15,9
DA:16,3
DA:19,9
DA:20,9
DA:22,9
DA:24,3
DA:32,0
DA:35,0
LF:11
LH:9
BRDA:19,0,0,3
BRDA:19,0,1,6
BRDA:20,1,0,7
BRDA:20,1,1,2
BRF:4
BRH:4
end_of_record
TN:
SF:/Users/aikateinitziala/GitHub/fullstackopen2019/part5/bloglist/frontend/src/components/BlogList.js
FN:5,(anonymous_0)
FN:12,(anonymous_1)
FN:12,(anonymous_2)
FNF:3
FNH:3
FNDA:3,(anonymous_0)
FNDA:3,(anonymous_1)
FNDA:1,(anonymous_2)
DA:5,1
DA:6,3
DA:12,3
DA:13,3
LF:4
LH:4
BRF:0
BRH:0
end_of_record
TN:
SF:/Users/aikateinitziala/GitHub/fullstackopen2019/part5/bloglist/frontend/src/components/Button.js
FN:4,(anonymous_0)
FNF:1
FNH:1
FNDA:17,(anonymous_0)
DA:4,2
DA:5,17
DA:11,17
LF:3
LH:3
BRF:0
BRH:0
end_of_record
TN:
SF:/Users/aikateinitziala/GitHub/fullstackopen2019/part5/bloglist/frontend/src/components/CreateBlogForm.js
FN:8,(anonymous_0)
FN:18,(anonymous_1)
FN:24,(anonymous_2)
FN:33,(anonymous_3)
FN:43,(anonymous_4)
FN:72,(anonymous_5)
FNF:6
FNH:3
FNDA:3,(anonymous_0)
FNDA:0,(anonymous_1)
FNDA:3,(anonymous_2)
FNDA:3,(anonymous_3)
FNDA:0,(anonymous_4)
FNDA:0,(anonymous_5)
DA:6,1
DA:8,1
DA:9,3
DA:14,3
DA:15,3
DA:16,3
DA:18,3
DA:19,0
DA:20,0
DA:21,0
DA:24,3
DA:25,3
DA:30,3
DA:33,3
DA:34,3
DA:35,3
DA:37,0
DA:38,0
DA:40,0
DA:43,3
DA:44,0
DA:45,0
DA:46,0
DA:47,0
DA:48,0
DA:49,0
DA:50,0
DA:52,0
DA:53,0
DA:57,3
DA:72,0
LF:31
LH:15
BRDA:34,0,0,3
BRDA:34,0,1,0
BRDA:34,1,0,3
BRDA:34,1,1,0
BRDA:34,1,2,0
BRDA:37,2,0,0
BRDA:37,2,1,0
BRDA:37,3,0,0
BRDA:37,3,1,0
BRDA:37,3,2,0
BRDA:46,4,0,0
BRDA:46,4,1,0
BRF:12
BRH:2
end_of_record
TN:
SF:/Users/aikateinitziala/GitHub/fullstackopen2019/part5/bloglist/frontend/src/components/Login.js
FN:9,(anonymous_0)
FN:17,(anonymous_1)
FN:18,(anonymous_2)
FN:20,(anonymous_3)
FN:26,(anonymous_4)
FN:28,(anonymous_5)
FN:37,(anonymous_6)
FN:41,(anonymous_7)
FN:49,(anonymous_8)
FN:51,(anonymous_9)
FN:68,(anonymous_10)
FNF:11
FNH:2
FNDA:2,(anonymous_0)
FNDA:0,(anonymous_1)
FNDA:0,(anonymous_2)
FNDA:0,(anonymous_3)
FNDA:2,(anonymous_4)
FNDA:0,(anonymous_5)
FNDA:0,(anonymous_6)
FNDA:0,(anonymous_7)
FNDA:0,(anonymous_8)
FNDA:0,(anonymous_9)
FNDA:0,(anonymous_10)
DA:7,1
DA:9,1
DA:10,2
DA:13,2
DA:14,2
DA:15,2
DA:17,2
DA:18,2
DA:20,2
DA:21,0
DA:22,0
DA:23,0
DA:26,2
DA:28,2
DA:29,0
DA:30,0
DA:31,0
DA:32,0
DA:33,0
DA:34,0
DA:36,0
DA:37,0
DA:38,0
DA:39,0
DA:40,0
DA:42,0
DA:43,0
DA:44,0
DA:49,2
DA:50,0
DA:51,0
DA:55,2
DA:68,0
LF:33
LH:13
BRDA:26,0,0,2
BRDA:26,0,1,0
BRDA:30,1,0,0
BRDA:30,1,1,0
BRF:4
BRH:1
end_of_record
TN:
SF:/Users/aikateinitziala/GitHub/fullstackopen2019/part5/bloglist/frontend/src/components/Notification.js
FN:3,(anonymous_0)
FNF:1
FNH:1
FNDA:5,(anonymous_0)
DA:3,1
DA:4,5
DA:5,5
DA:7,0
DA:8,0
LF:5
LH:3
BRDA:4,0,0,5
BRDA:4,0,1,0
BRF:2
BRH:1
end_of_record
TN:
SF:/Users/aikateinitziala/GitHub/fullstackopen2019/part5/bloglist/frontend/src/components/SimpleBlog.js
FN:3,(anonymous_0)
FNF:1
FNH:1
FNDA:2,(anonymous_0)
DA:3,1
DA:4,2
LF:2
LH:2
BRF:0
BRH:0
end_of_record
TN:
SF:/Users/aikateinitziala/GitHub/fullstackopen2019/part5/bloglist/frontend/src/components/Togglable.js
FN:4,(anonymous_0)
FN:15,(anonymous_1)
FN:19,(anonymous_2)
FNF:3
FNH:2
FNDA:3,(anonymous_0)
FNDA:0,(anonymous_1)
FNDA:3,(anonymous_2)
DA:4,1
DA:5,3
DA:8,3
DA:10,3
DA:11,3
DA:13,3
DA:15,3
DA:16,0
DA:19,3
DA:20,3
DA:25,3
DA:37,1
LF:12
LH:11
BRDA:10,0,0,0
BRDA:10,0,1,3
BRDA:11,1,0,0
BRDA:11,1,1,3
BRDA:13,2,0,3
BRDA:13,2,1,0
BRF:6
BRH:3
end_of_record
TN:
SF:/Users/aikateinitziala/GitHub/fullstackopen2019/part5/bloglist/frontend/src/components/UserApp.js
FN:10,(anonymous_0)
FN:21,(anonymous_1)
FN:22,(anonymous_2)
FN:27,(anonymous_3)
FN:29,(anonymous_4)
FN:34,(anonymous_5)
FN:41,(anonymous_6)
FN:43,(anonymous_7)
FN:46,(anonymous_8)
FN:54,(anonymous_9)
FN:58,(anonymous_10)
FN:61,(anonymous_11)
FN:68,(anonymous_12)
FN:70,(anonymous_13)
FN:73,(anonymous_14)
FN:74,(anonymous_15)
FN:76,(anonymous_16)
FN:77,(anonymous_17)
FN:82,(anonymous_18)
FN:94,(anonymous_19)
FNF:20
FNH:4
FNDA:3,(anonymous_0)
FNDA:1,(anonymous_1)
FNDA:1,(anonymous_2)
FNDA:0,(anonymous_3)
FNDA:0,(anonymous_4)
FNDA:0,(anonymous_5)
FNDA:0,(anonymous_6)
FNDA:0,(anonymous_7)
FNDA:0,(anonymous_8)
FNDA:0,(anonymous_9)
FNDA:0,(anonymous_10)
FNDA:0,(anonymous_11)
FNDA:3,(anonymous_12)
FNDA:0,(anonymous_13)
FNDA:0,(anonymous_14)
FNDA:0,(anonymous_15)
FNDA:0,(anonymous_16)
FNDA:0,(anonymous_17)
FNDA:0,(anonymous_18)
FNDA:0,(anonymous_19)
DA:10,1
DA:11,3
DA:16,3
DA:17,3
DA:18,3
DA:19,3
DA:21,3
DA:22,1
DA:23,1
DA:27,3
DA:28,0
DA:29,0
DA:30,0
DA:31,0
DA:32,0
DA:33,0
DA:35,0
DA:36,0
DA:37,0
DA:41,3
DA:42,0
DA:43,0
DA:46,3
DA:47,0
DA:54,0
DA:55,0
DA:56,0
DA:57,0
DA:58,0
DA:59,0
DA:60,0
DA:62,0
DA:63,0
DA:64,0
DA:68,3
DA:69,3
DA:70,3
DA:73,3
DA:74,0
DA:75,0
DA:76,0
DA:77,0
DA:78,0
DA:79,0
DA:80,0
DA:81,0
DA:83,0
DA:84,0
DA:85,0
DA:90,3
DA:94,0
LF:51
LH:17
BRDA:70,0,0,0
BRDA:70,0,1,0
BRDA:75,1,0,0
BRDA:75,1,1,0
BRF:4
BRH:0
end_of_record
TN:
SF:/Users/aikateinitziala/GitHub/fullstackopen2019/part5/bloglist/frontend/src/hooks/useField.js
FN:3,(anonymous_0)
FN:6,(anonymous_1)
FN:7,(anonymous_2)
FNF:3
FNH:1
FNDA:9,(anonymous_0)
FNDA:0,(anonymous_1)
FNDA:0,(anonymous_2)
DA:3,1
DA:4,9
DA:6,9
DA:7,9
DA:9,9
LF:5
LH:5
BRF:0
BRH:0
end_of_record
TN:
SF:/Users/aikateinitziala/GitHub/fullstackopen2019/part5/bloglist/frontend/src/services/blogsService.js
FN:4,(anonymous_0)
FN:8,(anonymous_1)
FN:12,(anonymous_2)
FN:14,(anonymous_3)
FN:17,(anonymous_4)
FN:19,(anonymous_5)
FN:22,(anonymous_6)
FN:24,(anonymous_7)
FN:27,(anonymous_8)
FN:29,(anonymous_9)
FNF:10
FNH:0
FNDA:0,(anonymous_0)
FNDA:0,(anonymous_1)
FNDA:0,(anonymous_2)
FNDA:0,(anonymous_3)
FNDA:0,(anonymous_4)
FNDA:0,(anonymous_5)
FNDA:0,(anonymous_6)
FNDA:0,(anonymous_7)
FNDA:0,(anonymous_8)
FNDA:0,(anonymous_9)
DA:2,0
DA:4,0
DA:5,0
DA:8,0
DA:9,0
DA:12,0
DA:13,0
DA:14,0
DA:17,0
DA:18,0
DA:19,0
DA:22,0
DA:23,0
DA:24,0
DA:27,0
DA:28,0
DA:29,0
LF:17
LH:0
BRF:0
BRH:0
end_of_record
TN:
SF:/Users/aikateinitziala/GitHub/fullstackopen2019/part5/bloglist/frontend/src/services/loginService.js
FN:4,(anonymous_0)
FN:6,(anonymous_1)
FNF:2
FNH:0
FNDA:0,(anonymous_0)
FNDA:0,(anonymous_1)
DA:2,1
DA:4,1
DA:5,0
DA:6,0
LF:4
LH:2
BRF:0
BRH:0
end_of_record
TN:
SF:/Users/aikateinitziala/GitHub/fullstackopen2019/part5/bloglist/frontend/src/utils/validator.js
FN:1,(anonymous_0)
FN:3,(anonymous_1)
FNF:2
FNH:2
FNDA:5,(anonymous_0)
FNDA:2,(anonymous_1)
DA:1,5
DA:3,2
DA:5,1
LF:3
LH:3
BRDA:1,0,0,5
BRDA:1,0,1,0
BRDA:3,1,0,2
BRDA:3,1,1,0
BRF:4
BRH:2
end_of_record
